[91mWARNING: html_static_path entry '_static' does not exist[39;49;00m
[91m/Users/MSP/Documents/GitHub/osxphotos/docsrc/source/API_README.rst:6: WARNING: Duplicate explicit target name: "person_info".[39;49;00m
[91m/Users/MSP/Documents/GitHub/osxphotos/docsrc/source/API_README.rst:6: WARNING: Duplicate explicit target name: "album_info".[39;49;00m
[91m/Users/MSP/Documents/GitHub/osxphotos/docsrc/source/API_README.rst:6: WARNING: Duplicate explicit target name: "albums".[39;49;00m
[91m/Users/MSP/Documents/GitHub/osxphotos/docsrc/source/API_README.rst:1316: WARNING: Inline emphasis start-string without end-string.[39;49;00m
[91m/Users/MSP/Documents/GitHub/osxphotos/docsrc/source/API_README.rst:1323: WARNING: Inline emphasis start-string without end-string.[39;49;00m
[91m/Users/MSP/Documents/GitHub/osxphotos/docsrc/source/API_README.rst:1330: WARNING: Inline emphasis start-string without end-string.[39;49;00m
[91m/Users/MSP/Documents/GitHub/osxphotos/docsrc/source/API_README.rst:1337: WARNING: Inline emphasis start-string without end-string.[39;49;00m
[91m/Users/MSP/Documents/GitHub/osxphotos/docsrc/source/API_README.rst:6: WARNING: Duplicate explicit target name: "albums".[39;49;00m
[91m/Users/MSP/Documents/GitHub/osxphotos/docsrc/source/API_README.rst:6: WARNING: Duplicate explicit target name: "album_info".[39;49;00m
[91m/Users/MSP/Documents/GitHub/osxphotos/docsrc/source/API_README.rst:6: WARNING: Duplicate explicit target name: "labels_normalized".[39;49;00m
[91m/Users/MSP/Documents/GitHub/osxphotos/docsrc/source/API_README.rst:6: WARNING: Duplicate explicit target name: "labels".[39;49;00m
[91m/Users/MSP/Documents/GitHub/osxphotos/docsrc/source/API_README.rst:6: WARNING: Duplicate explicit target name: "exiftool".[39;49;00m
[91m/Users/MSP/Documents/GitHub/osxphotos/docsrc/source/API_README.rst:6: WARNING: Duplicate explicit target name: "exiftool".[39;49;00m
[91m/Users/MSP/Documents/GitHub/osxphotos/docsrc/source/API_README.rst:6: WARNING: Duplicate explicit target name: "exiftool".[39;49;00m
[91m/Users/MSP/Documents/GitHub/osxphotos/docsrc/source/API_README.rst:1864: WARNING: Inline emphasis start-string without end-string.[39;49;00m
[91m/Users/MSP/Documents/GitHub/osxphotos/docsrc/source/API_README.rst:6: WARNING: Duplicate explicit target name: "exiftool".[39;49;00m
[91m/Users/MSP/Documents/GitHub/osxphotos/docsrc/source/API_README.rst:6: WARNING: Duplicate explicit target name: "photoinfo.export()".[39;49;00m
[91m/Users/MSP/Documents/GitHub/osxphotos/docsrc/source/API_README.rst:6: WARNING: Duplicate explicit target name: "exiftool".[39;49;00m
[91m/Users/MSP/Documents/GitHub/osxphotos/docsrc/source/cli.rst:155: WARNING: Inline emphasis start-string without end-string.[39;49;00m
[31mosxphotos import:1: ERROR: Unknown target name: "img_xxxx".[39;49;00m
[31mosxphotos timewarp:1: ERROR: Unknown target name: "img_xxxx".[39;49;00m
[31m/Users/MSP/Documents/GitHub/osxphotos/osxphotos/sidecars.py:docstring of osxphotos.sidecars.SidecarWriter.write_sidecar_files:8: ERROR: Unexpected indentation.[39;49;00m
[91m/Users/MSP/Documents/GitHub/osxphotos/docsrc/source/overview.cog.rst: WARNING: document isn't included in any toctree[39;49;00m
[91m/Users/MSP/Documents/GitHub/osxphotos/docsrc/source/API_README.rst:1833: WARNING: Pygments lexer name 'txt' is not known[39;49;00m
[91m/Users/MSP/Documents/GitHub/osxphotos/docsrc/source/API_README.rst:1846: WARNING: Pygments lexer name 'txt' is not known[39;49;00m
[91m/Users/MSP/Documents/GitHub/osxphotos/docsrc/source/overview.rst:39: WARNING: Pygments lexer name 'TXT' is not known[39;49;00m
[91m/Users/MSP/Documents/GitHub/osxphotos/docsrc/source/overview.cog.rst:39: WARNING: Pygments lexer name 'TXT' is not known[39;49;00m
[91mWARNING: html_static_path entry '_static' does not exist[39;49;00m
[91m/Users/MSP/Documents/GitHub/osxphotos/docsrc/source/overview.rst:39: WARNING: Pygments lexer name 'TXT' is not known[39;49;00m
[91m/Users/MSP/Documents/GitHub/osxphotos/docsrc/source/API_README.rst:1833: WARNING: Pygments lexer name 'txt' is not known[39;49;00m
[91m/Users/MSP/Documents/GitHub/osxphotos/docsrc/source/API_README.rst:1846: WARNING: Pygments lexer name 'txt' is not known[39;49;00m
make[2]: latexmk: No such file or directory
make[2]: *** [osxphotos.pdf] Error 1
make[1]: *** [latexpdf] Error 2
make: *** [pdf] Error 2
187 INFO: PyInstaller: 5.13.2
187 INFO: Python: 3.11.5
203 INFO: Platform: macOS-12.7.5-x86_64-i386-64bit
558 INFO: Extending PYTHONPATH with paths
['/Users/MSP/Documents/GitHub/osxphotos',
 '/Users/MSP/Documents/GitHub/osxphotos']
755 INFO: Appending 'datas' from .spec
756 INFO: checking Analysis
756 INFO: Building Analysis because Analysis-00.toc is non existent
756 INFO: Initializing module dependency graph...
758 INFO: Caching module graph hooks...
766 INFO: Analyzing base_library.zip ...
1760 INFO: Loading module hook 'hook-heapq.py' from '/Users/MSP/Documents/GitHub/osxphotos/venv/lib/python3.11/site-packages/PyInstaller/hooks'...
1849 INFO: Loading module hook 'hook-encodings.py' from '/Users/MSP/Documents/GitHub/osxphotos/venv/lib/python3.11/site-packages/PyInstaller/hooks'...
3320 INFO: Loading module hook 'hook-pickle.py' from '/Users/MSP/Documents/GitHub/osxphotos/venv/lib/python3.11/site-packages/PyInstaller/hooks'...
5175 INFO: Caching module dependency graph...
5258 INFO: running Analysis Analysis-00.toc
5266 INFO: Analyzing /Users/MSP/Documents/GitHub/osxphotos/cli.py
5304 INFO: Loading module hook 'hook-sqlite3.py' from '/Users/MSP/Documents/GitHub/osxphotos/venv/lib/python3.11/site-packages/PyInstaller/hooks'...
5654 INFO: Loading module hook 'hook-pkg_resources.py' from '/Users/MSP/Documents/GitHub/osxphotos/venv/lib/python3.11/site-packages/PyInstaller/hooks'...
6298 INFO: Loading module hook 'hook-platform.py' from '/Users/MSP/Documents/GitHub/osxphotos/venv/lib/python3.11/site-packages/PyInstaller/hooks'...
6357 INFO: Loading module hook 'hook-xml.py' from '/Users/MSP/Documents/GitHub/osxphotos/venv/lib/python3.11/site-packages/PyInstaller/hooks'...
6419 INFO: Loading module hook 'hook-sysconfig.py' from '/Users/MSP/Documents/GitHub/osxphotos/venv/lib/python3.11/site-packages/PyInstaller/hooks'...
6822 INFO: Loading module hook 'hook-pygments.py' from '/Users/MSP/Documents/GitHub/osxphotos/venv/lib/python3.11/site-packages/PyInstaller/hooks'...
7702 INFO: Loading module hook 'hook-importlib_metadata.py' from '/Users/MSP/Documents/GitHub/osxphotos/venv/lib/python3.11/site-packages/PyInstaller/hooks'...
9052 INFO: Loading module hook 'hook-multiprocessing.util.py' from '/Users/MSP/Documents/GitHub/osxphotos/venv/lib/python3.11/site-packages/PyInstaller/hooks'...
9849 INFO: Loading module hook 'hook-pycparser.py' from '/Users/MSP/Documents/GitHub/osxphotos/venv/lib/python3.11/site-packages/_pyinstaller_hooks_contrib/hooks/stdhooks'...
10266 INFO: Loading module hook 'hook-setuptools.py' from '/Users/MSP/Documents/GitHub/osxphotos/venv/lib/python3.11/site-packages/PyInstaller/hooks'...
11196 INFO: Processing pre-safe import module hook distutils from '/Users/MSP/Documents/GitHub/osxphotos/venv/lib/python3.11/site-packages/PyInstaller/hooks/pre_safe_import_module/hook-distutils.py'.
11197 INFO: Processing pre-find module path hook distutils from '/Users/MSP/Documents/GitHub/osxphotos/venv/lib/python3.11/site-packages/PyInstaller/hooks/pre_find_module_path/hook-distutils.py'.
11412 INFO: Loading module hook 'hook-distutils.py' from '/Users/MSP/Documents/GitHub/osxphotos/venv/lib/python3.11/site-packages/PyInstaller/hooks'...
11474 INFO: Loading module hook 'hook-distutils.util.py' from '/Users/MSP/Documents/GitHub/osxphotos/venv/lib/python3.11/site-packages/PyInstaller/hooks'...
11856 INFO: Loading module hook 'hook-packaging.py' from '/Users/MSP/Documents/GitHub/osxphotos/venv/lib/python3.11/site-packages/PyInstaller/hooks'...
12941 INFO: Loading module hook 'hook-xml.etree.cElementTree.py' from '/Users/MSP/Documents/GitHub/osxphotos/venv/lib/python3.11/site-packages/PyInstaller/hooks'...
15650 INFO: Loading module hook 'hook-charset_normalizer.py' from '/Users/MSP/Documents/GitHub/osxphotos/venv/lib/python3.11/site-packages/_pyinstaller_hooks_contrib/hooks/stdhooks'...
15811 INFO: Loading module hook 'hook-certifi.py' from '/Users/MSP/Documents/GitHub/osxphotos/venv/lib/python3.11/site-packages/_pyinstaller_hooks_contrib/hooks/stdhooks'...
16872 INFO: Loading module hook 'hook-mako.codegen.py' from '/Users/MSP/Documents/GitHub/osxphotos/venv/lib/python3.11/site-packages/_pyinstaller_hooks_contrib/hooks/stdhooks'...
17871 INFO: Loading module hook 'hook-zoneinfo.py' from '/Users/MSP/Documents/GitHub/osxphotos/venv/lib/python3.11/site-packages/_pyinstaller_hooks_contrib/hooks/stdhooks'...
18490 INFO: Loading module hook 'hook-difflib.py' from '/Users/MSP/Documents/GitHub/osxphotos/venv/lib/python3.11/site-packages/PyInstaller/hooks'...
18546 INFO: Loading module hook 'hook-shelve.py' from '/Users/MSP/Documents/GitHub/osxphotos/venv/lib/python3.11/site-packages/PyInstaller/hooks'...
20842 INFO: Loading module hook 'hook-wcwidth.py' from '/Users/MSP/Documents/GitHub/osxphotos/venv/lib/python3.11/site-packages/PyInstaller/hooks'...
21106 INFO: Loading module hook 'hook-xml.dom.domreg.py' from '/Users/MSP/Documents/GitHub/osxphotos/venv/lib/python3.11/site-packages/PyInstaller/hooks'...
22045 INFO: Loading module hook 'hook-jedi.py' from '/Users/MSP/Documents/GitHub/osxphotos/venv/lib/python3.11/site-packages/_pyinstaller_hooks_contrib/hooks/stdhooks'...
22544 INFO: Loading module hook 'hook-parso.py' from '/Users/MSP/Documents/GitHub/osxphotos/venv/lib/python3.11/site-packages/_pyinstaller_hooks_contrib/hooks/stdhooks'...
24179 INFO: Analyzing hidden import 'pkg_resources.py2_warn'
24180 ERROR: Hidden import 'pkg_resources.py2_warn' not found
24180 INFO: Processing module hooks...
24645 INFO: Loading module hook 'hook-setuptools.msvc.py' from '/Users/MSP/Documents/GitHub/osxphotos/venv/lib/python3.11/site-packages/PyInstaller/hooks'...
25373 INFO: Loading module hook 'hook-docutils.py' from '/Users/MSP/Documents/GitHub/osxphotos/venv/lib/python3.11/site-packages/_pyinstaller_hooks_contrib/hooks/stdhooks'...
29766 INFO: Looking for ctypes DLLs
29824 WARNING: Ignoring /usr/lib/libc.dylib imported from /Users/MSP/Documents/GitHub/osxphotos/venv/lib/python3.11/site-packages/mac_alias/osx.py - only basenames are supported with ctypes imports!
29896 INFO: Analyzing run-time hooks ...
29903 INFO: Including run-time hook '/Users/MSP/Documents/GitHub/osxphotos/venv/lib/python3.11/site-packages/PyInstaller/hooks/rthooks/pyi_rth_inspect.py'
29906 INFO: Including run-time hook '/Users/MSP/Documents/GitHub/osxphotos/venv/lib/python3.11/site-packages/PyInstaller/hooks/rthooks/pyi_rth_pkgres.py'
29911 INFO: Including run-time hook '/Users/MSP/Documents/GitHub/osxphotos/venv/lib/python3.11/site-packages/PyInstaller/hooks/rthooks/pyi_rth_pkgutil.py'
29913 INFO: Including run-time hook '/Users/MSP/Documents/GitHub/osxphotos/venv/lib/python3.11/site-packages/PyInstaller/hooks/rthooks/pyi_rth_multiprocessing.py'
29916 INFO: Including run-time hook '/Users/MSP/Documents/GitHub/osxphotos/venv/lib/python3.11/site-packages/PyInstaller/hooks/rthooks/pyi_rth_setuptools.py'
29984 INFO: Looking for dynamic libraries
30506 INFO: Looking for eggs
30521 INFO: Using Python library /usr/local/Cellar/python@3.11/3.11.5/Frameworks/Python.framework/Versions/3.11/bin/../../../../Python.framework/Versions/3.11/Python
30536 INFO: Warnings written to /Users/MSP/Documents/GitHub/osxphotos/build/osxphotos/warn-osxphotos.txt
30634 INFO: Graph cross-reference written to /Users/MSP/Documents/GitHub/osxphotos/build/osxphotos/xref-osxphotos.html
30725 INFO: checking PYZ
30725 INFO: Building PYZ because PYZ-00.toc is non existent
30725 INFO: Building PYZ (ZlibArchive) /Users/MSP/Documents/GitHub/osxphotos/build/osxphotos/PYZ-00.pyz
32435 INFO: Building PYZ (ZlibArchive) /Users/MSP/Documents/GitHub/osxphotos/build/osxphotos/PYZ-00.pyz completed successfully.
32470 INFO: EXE target arch: x86_64
32470 INFO: Code signing identity: None
32494 INFO: checking PKG
32494 INFO: Building PKG because PKG-00.toc is non existent
32494 INFO: Building PKG (CArchive) osxphotos.pkg
37167 INFO: Building PKG (CArchive) osxphotos.pkg completed successfully.
37203 INFO: Bootloader /Users/MSP/Documents/GitHub/osxphotos/venv/lib/python3.11/site-packages/PyInstaller/bootloader/Darwin-64bit/run
37204 INFO: checking EXE
37204 INFO: Building EXE because EXE-00.toc is non existent
37204 INFO: Building EXE from EXE-00.toc
37204 INFO: Copying bootloader EXE to /Users/MSP/Documents/GitHub/osxphotos/dist/osxphotos
37208 INFO: Converting EXE to target arch (x86_64)
37225 INFO: Removing signature(s) from EXE
37245 INFO: Appending PKG archive to EXE
37362 INFO: Fixing EXE headers for code signing
37371 INFO: Re-signing the EXE
37588 INFO: Building EXE from EXE-00.toc completed successfully.
error: The specified item could not be found in the keychain.
